{"name": "test_verify_title[chrome]", "status": "failed", "statusDetails": {"message": "AssertionError: assert 'ABB Drive and Motor Selector' == 'ABB Drive and Motor Selecto'\n  - ABB Drive and Motor Selecto\n  + ABB Drive and Motor Selector\n  ?                            +", "trace": "self = <Tests.test_HomeAllure.TestHome object at 0x000002053C039250>\ninit_driver = <selenium.webdriver.chrome.webdriver.WebDriver (session=\"0b036336155d76698fd65bd221c23571\")>\n\n    @allure.severity(allure.severity_level.MINOR)\n    def test_verify_title(self,init_driver):\n        self.homepage = HomePage(init_driver)\n        act = self.homepage.get_homepage_title()\n>       assert act == \"ABB Drive and Motor Selecto\"\nE       AssertionError: assert 'ABB Drive and Motor Selector' == 'ABB Drive and Motor Selecto'\nE         - ABB Drive and Motor Selecto\nE         + ABB Drive and Motor Selector\nE         ?                            +\n\ntest_HomeAllure.py:30: AssertionError"}, "attachments": [{"name": "test_verify_title[chrome]", "source": "91de6746-02fd-4dda-9376-aae9047875f8-attachment.png", "type": "image/png"}], "parameters": [{"name": "init_driver", "value": "'chrome'"}], "start": 1648111415527, "stop": 1648111424827, "uuid": "353cb9c8-13dd-4213-8bba-0a084e2a4486", "historyId": "400912308966cdc51e017ecb36f1d9cb", "testCaseId": "44a46d6009d2eb75fe37606b293efc8d", "fullName": "test_HomeAllure.TestHome#test_verify_title", "labels": [{"name": "severity", "value": "minor"}, {"name": "tag", "value": "@pytest.mark.usefixtures('init_driver')"}, {"name": "suite", "value": "test_HomeAllure"}, {"name": "subSuite", "value": "TestHome"}, {"name": "host", "value": "DESKTOP-ITCJHIC"}, {"name": "thread", "value": "3876-MainThread"}, {"name": "framework", "value": "pytest"}, {"name": "language", "value": "cpython3"}, {"name": "package", "value": "test_HomeAllure"}]}